

*******************************************************************************
Wed May 10 14:20:02 2023


FIT:    data read from "12.88.txt" using 1:2:3 yerrors
        format = x:z:s
        x range restricted to [0.100000 : 7.00000]
        #datapoints = 11
function used for fitting: f(x)
	f(x) = A*x**2 + B*x + C
fitted parameters initialized with current variable values

iter      chisq       delta/lim  lambda   A             B             C            
   0 4.2832183812e+05   0.00e+00  2.25e-01    1.000000e+00   1.000000e+00   1.000000e+00
   5 2.0305461567e+01  -3.50e-04  2.25e-06    2.569059e+01  -1.142865e+02   9.256127e+03

After 5 iterations the fit converged.
final sum of squares of residuals : 20.3055
rel. change during last iteration : -3.50391e-09

degrees of freedom    (FIT_NDF)                        : 8
rms of residuals      (FIT_STDFIT) = sqrt(WSSR/ndf)    : 1.59317
variance of residuals (reduced chisquare) = WSSR/ndf   : 2.53818
p-value of the Chisq distribution (FIT_P)              : 0.00924015

Final set of parameters            Asymptotic Standard Error
=======================            ==========================
A               = 25.6906          +/- 8.578        (33.39%)
B               = -114.286         +/- 56.83        (49.73%)
C               = 9256.13          +/- 78.99        (0.8534%)

correlation matrix of the fit parameters:
                A      B      C      
A               1.000 
B              -0.974  1.000 
C               0.800 -0.899  1.000 


*******************************************************************************
Wed May 10 14:23:11 2023


FIT:    data read from "12.88.txt" using 1:2:3 yerrors
        format = x:z:s
        x range restricted to [0.100000 : 7.00000]
        #datapoints = 11
function used for fitting: f(x)
	f(x) = A*x**2 + B*x + C
fitted parameters initialized with current variable values

iter      chisq       delta/lim  lambda   A             B             C            
   0 4.2832183812e+05   0.00e+00  2.25e-01    1.000000e+00   1.000000e+00   1.000000e+00
   5 2.0305461567e+01  -3.50e-04  2.25e-06    2.569059e+01  -1.142865e+02   9.256127e+03

After 5 iterations the fit converged.
final sum of squares of residuals : 20.3055
rel. change during last iteration : -3.50391e-09

degrees of freedom    (FIT_NDF)                        : 8
rms of residuals      (FIT_STDFIT) = sqrt(WSSR/ndf)    : 1.59317
variance of residuals (reduced chisquare) = WSSR/ndf   : 2.53818
p-value of the Chisq distribution (FIT_P)              : 0.00924015

Final set of parameters            Asymptotic Standard Error
=======================            ==========================
A               = 25.6906          +/- 8.578        (33.39%)
B               = -114.286         +/- 56.83        (49.73%)
C               = 9256.13          +/- 78.99        (0.8534%)

correlation matrix of the fit parameters:
                A      B      C      
A               1.000 
B              -0.974  1.000 
C               0.800 -0.899  1.000 


*******************************************************************************
Wed May 10 14:29:13 2023


FIT:    data read from "12.88.txt" using 1:2:3 yerrors
        format = x:z:s
        x range restricted to [0.100000 : 7.00000]
        #datapoints = 11
function used for fitting: f(x)
	f(x) = A*x**2 + B*x + C
fitted parameters initialized with current variable values

iter      chisq       delta/lim  lambda   A             B             C            
   0 4.2832183812e+05   0.00e+00  2.25e-01    1.000000e+00   1.000000e+00   1.000000e+00
   5 2.0305461567e+01  -3.50e-04  2.25e-06    2.569059e+01  -1.142865e+02   9.256127e+03

After 5 iterations the fit converged.
final sum of squares of residuals : 20.3055
rel. change during last iteration : -3.50391e-09

degrees of freedom    (FIT_NDF)                        : 8
rms of residuals      (FIT_STDFIT) = sqrt(WSSR/ndf)    : 1.59317
variance of residuals (reduced chisquare) = WSSR/ndf   : 2.53818
p-value of the Chisq distribution (FIT_P)              : 0.00924015

Final set of parameters            Asymptotic Standard Error
=======================            ==========================
A               = 25.6906          +/- 8.578        (33.39%)
B               = -114.286         +/- 56.83        (49.73%)
C               = 9256.13          +/- 78.99        (0.8534%)

correlation matrix of the fit parameters:
                A      B      C      
A               1.000 
B              -0.974  1.000 
C               0.800 -0.899  1.000 


*******************************************************************************
Wed May 10 14:29:25 2023


FIT:    data read from "12.88.txt" using 1:2:3 yerrors
        format = x:z:s
        x range restricted to [0.100000 : 7.00000]
        #datapoints = 11
function used for fitting: f(x)
	f(x) = A*x**2 + B*x + C
fitted parameters initialized with current variable values

iter      chisq       delta/lim  lambda   A             B             C            
   0 4.2832183812e+05   0.00e+00  2.25e-01    1.000000e+00   1.000000e+00   1.000000e+00
   5 2.0305461567e+01  -3.50e-04  2.25e-06    2.569059e+01  -1.142865e+02   9.256127e+03

After 5 iterations the fit converged.
final sum of squares of residuals : 20.3055
rel. change during last iteration : -3.50391e-09

degrees of freedom    (FIT_NDF)                        : 8
rms of residuals      (FIT_STDFIT) = sqrt(WSSR/ndf)    : 1.59317
variance of residuals (reduced chisquare) = WSSR/ndf   : 2.53818
p-value of the Chisq distribution (FIT_P)              : 0.00924015

Final set of parameters            Asymptotic Standard Error
=======================            ==========================
A               = 25.6906          +/- 8.578        (33.39%)
B               = -114.286         +/- 56.83        (49.73%)
C               = 9256.13          +/- 78.99        (0.8534%)

correlation matrix of the fit parameters:
                A      B      C      
A               1.000 
B              -0.974  1.000 
C               0.800 -0.899  1.000 


*******************************************************************************
Wed May 10 14:31:24 2023


FIT:    data read from "12.88.txt" using 1:2:3 yerrors
        format = x:z:s
        x range restricted to [0.100000 : 7.00000]
        #datapoints = 11
function used for fitting: f(x)
	f(x) = A*x**2 + B*x + C
fitted parameters initialized with current variable values

iter      chisq       delta/lim  lambda   A             B             C            
   0 4.2832183812e+05   0.00e+00  2.25e-01    1.000000e+00   1.000000e+00   1.000000e+00
   5 2.0305461567e+01  -3.50e-04  2.25e-06    2.569059e+01  -1.142865e+02   9.256127e+03

After 5 iterations the fit converged.
final sum of squares of residuals : 20.3055
rel. change during last iteration : -3.50391e-09

degrees of freedom    (FIT_NDF)                        : 8
rms of residuals      (FIT_STDFIT) = sqrt(WSSR/ndf)    : 1.59317
variance of residuals (reduced chisquare) = WSSR/ndf   : 2.53818
p-value of the Chisq distribution (FIT_P)              : 0.00924015

Final set of parameters            Asymptotic Standard Error
=======================            ==========================
A               = 25.6906          +/- 8.578        (33.39%)
B               = -114.286         +/- 56.83        (49.73%)
C               = 9256.13          +/- 78.99        (0.8534%)

correlation matrix of the fit parameters:
                A      B      C      
A               1.000 
B              -0.974  1.000 
C               0.800 -0.899  1.000 


*******************************************************************************
Wed May 10 14:31:54 2023


FIT:    data read from "12.88.txt" using 1:2:3 yerrors
        format = x:z:s
        x range restricted to [0.100000 : 7.00000]
        #datapoints = 11
function used for fitting: f(x)
	f(x) = A*x**2 + B*x + C
fitted parameters initialized with current variable values

iter      chisq       delta/lim  lambda   A             B             C            
   0 4.2832183812e+05   0.00e+00  2.25e-01    1.000000e+00   1.000000e+00   1.000000e+00
   5 2.0305461567e+01  -3.50e-04  2.25e-06    2.569059e+01  -1.142865e+02   9.256127e+03

After 5 iterations the fit converged.
final sum of squares of residuals : 20.3055
rel. change during last iteration : -3.50391e-09

degrees of freedom    (FIT_NDF)                        : 8
rms of residuals      (FIT_STDFIT) = sqrt(WSSR/ndf)    : 1.59317
variance of residuals (reduced chisquare) = WSSR/ndf   : 2.53818
p-value of the Chisq distribution (FIT_P)              : 0.00924015

Final set of parameters            Asymptotic Standard Error
=======================            ==========================
A               = 25.6906          +/- 8.578        (33.39%)
B               = -114.286         +/- 56.83        (49.73%)
C               = 9256.13          +/- 78.99        (0.8534%)

correlation matrix of the fit parameters:
                A      B      C      
A               1.000 
B              -0.974  1.000 
C               0.800 -0.899  1.000 


*******************************************************************************
Wed May 10 14:42:44 2023


FIT:    data read from "12.88.txt" using 1:2:3 yerrors
        format = x:z:s
        x range restricted to [0.100000 : 7.00000]
        #datapoints = 11
function used for fitting: f(x)
	f(x) = A*x**2 + B*x + C
fitted parameters initialized with current variable values

iter      chisq       delta/lim  lambda   A             B             C            
   0 4.2832183812e+05   0.00e+00  2.25e-01    1.000000e+00   1.000000e+00   1.000000e+00
   5 2.0305461567e+01  -3.50e-04  2.25e-06    2.569059e+01  -1.142865e+02   9.256127e+03

After 5 iterations the fit converged.
final sum of squares of residuals : 20.3055
rel. change during last iteration : -3.50391e-09

degrees of freedom    (FIT_NDF)                        : 8
rms of residuals      (FIT_STDFIT) = sqrt(WSSR/ndf)    : 1.59317
variance of residuals (reduced chisquare) = WSSR/ndf   : 2.53818
p-value of the Chisq distribution (FIT_P)              : 0.00924015

Final set of parameters            Asymptotic Standard Error
=======================            ==========================
A               = 25.6906          +/- 8.578        (33.39%)
B               = -114.286         +/- 56.83        (49.73%)
C               = 9256.13          +/- 78.99        (0.8534%)

correlation matrix of the fit parameters:
                A      B      C      
A               1.000 
B              -0.974  1.000 
C               0.800 -0.899  1.000 


*******************************************************************************
Wed May 10 14:42:44 2023


FIT:    data read from "12.88.txt" using 1:2:3 yerrors
        format = x:z:s
        x range restricted to [0.100000 : 7.00000]
        #datapoints = 11
function used for fitting: f(x)
	f(x) = A*x**2 + B*x + C
fitted parameters initialized with current variable values

iter      chisq       delta/lim  lambda   A             B             C            
   0 2.0305461567e+01   0.00e+00  1.15e+02    2.569059e+01  -1.142865e+02   9.256127e+03
   1 2.0305461567e+01  -6.30e-10  1.15e+01    2.569059e+01  -1.142865e+02   9.256127e+03

After 1 iterations the fit converged.
final sum of squares of residuals : 20.3055
rel. change during last iteration : -6.29868e-15

degrees of freedom    (FIT_NDF)                        : 8
rms of residuals      (FIT_STDFIT) = sqrt(WSSR/ndf)    : 1.59317
variance of residuals (reduced chisquare) = WSSR/ndf   : 2.53818
p-value of the Chisq distribution (FIT_P)              : 0.00924015

Final set of parameters            Asymptotic Standard Error
=======================            ==========================
A               = 25.6906          +/- 8.578        (33.39%)
B               = -114.286         +/- 56.83        (49.73%)
C               = 9256.13          +/- 78.99        (0.8534%)

correlation matrix of the fit parameters:
                A      B      C      
A               1.000 
B              -0.974  1.000 
C               0.800 -0.899  1.000 


*******************************************************************************
Wed May 10 14:44:55 2023


FIT:    data read from "12.88.txt" using 1:2:3 yerrors
        format = x:z:s
        x range restricted to [-0.100000 : 7.00000]
        #datapoints = 14
function used for fitting: f(x)
	f(x) = A*x**2 + B*x + C
fitted parameters initialized with current variable values

iter      chisq       delta/lim  lambda   A             B             C            
   0 5.6018084531e+05   0.00e+00  2.00e-01    1.000000e+00   1.000000e+00   1.000000e+00
   5 4.9379204065e+01  -1.26e-07  2.00e-06    4.588647e+01  -2.649071e+02   9.489961e+03

After 5 iterations the fit converged.
final sum of squares of residuals : 49.3792
rel. change during last iteration : -1.2598e-12

degrees of freedom    (FIT_NDF)                        : 11
rms of residuals      (FIT_STDFIT) = sqrt(WSSR/ndf)    : 2.11873
variance of residuals (reduced chisquare) = WSSR/ndf   : 4.48902
p-value of the Chisq distribution (FIT_P)              : 8.09095e-07

Final set of parameters            Asymptotic Standard Error
=======================            ==========================
A               = 45.8865          +/- 8.164        (17.79%)
B               = -264.907         +/- 46.67        (17.62%)
C               = 9489.96          +/- 50.03        (0.5272%)

correlation matrix of the fit parameters:
                A      B      C      
A               1.000 
B              -0.961  1.000 
C               0.546 -0.705  1.000 


*******************************************************************************
Wed May 10 14:44:55 2023


FIT:    data read from "12.88.txt" using 1:2:3 yerrors
        format = x:z:s
        x range restricted to [-0.100000 : 7.00000]
        #datapoints = 14
function used for fitting: f(x)
	f(x) = A*x**2 + B*x + C
fitted parameters initialized with current variable values

iter      chisq       delta/lim  lambda   A             B             C            
   0 4.9379204065e+01   0.00e+00  1.19e+02    4.588647e+01  -2.649071e+02   9.489961e+03
   1 4.9379204065e+01  -1.87e-10  1.19e+01    4.588647e+01  -2.649071e+02   9.489961e+03

After 1 iterations the fit converged.
final sum of squares of residuals : 49.3792
rel. change during last iteration : -1.87064e-15

degrees of freedom    (FIT_NDF)                        : 11
rms of residuals      (FIT_STDFIT) = sqrt(WSSR/ndf)    : 2.11873
variance of residuals (reduced chisquare) = WSSR/ndf   : 4.48902
p-value of the Chisq distribution (FIT_P)              : 8.09095e-07

Final set of parameters            Asymptotic Standard Error
=======================            ==========================
A               = 45.8865          +/- 8.164        (17.79%)
B               = -264.907         +/- 46.67        (17.62%)
C               = 9489.96          +/- 50.03        (0.5272%)

correlation matrix of the fit parameters:
                A      B      C      
A               1.000 
B              -0.961  1.000 
C               0.546 -0.705  1.000 


*******************************************************************************
Wed May 10 14:48:21 2023


FIT:    data read from "12.88.txt" using 1:2:3 yerrors
        format = x:z:s
        x range restricted to [-0.100000 : 7.00000]
        #datapoints = 12
function used for fitting: f(x)
	f(x) = A*x**2 + B*x + C
fitted parameters initialized with current variable values

iter      chisq       delta/lim  lambda   A             B             C            
   0 4.7368226747e+05   0.00e+00  2.16e-01    1.000000e+00   1.000000e+00   1.000000e+00
   5 4.3480174247e+01  -5.33e-06  2.16e-06    4.105147e+01  -2.286253e+02   9.432934e+03

After 5 iterations the fit converged.
final sum of squares of residuals : 43.4802
rel. change during last iteration : -5.32558e-11

degrees of freedom    (FIT_NDF)                        : 9
rms of residuals      (FIT_STDFIT) = sqrt(WSSR/ndf)    : 2.19798
variance of residuals (reduced chisquare) = WSSR/ndf   : 4.83113
p-value of the Chisq distribution (FIT_P)              : 1.75935e-06

Final set of parameters            Asymptotic Standard Error
=======================            ==========================
A               = 41.0515          +/- 9.533        (23.22%)
B               = -228.625         +/- 58.5         (25.59%)
C               = 9432.93          +/- 73.21        (0.7762%)

correlation matrix of the fit parameters:
                A      B      C      
A               1.000 
B              -0.964  1.000 
C               0.667 -0.809  1.000 


*******************************************************************************
Wed May 10 14:48:21 2023


FIT:    data read from "12.88.txt" using 1:2:3 yerrors
        format = x:z:s
        x range restricted to [-0.100000 : 7.00000]
        #datapoints = 12
function used for fitting: f(x)
	f(x) = A*x**2 + B*x + C
fitted parameters initialized with current variable values

iter      chisq       delta/lim  lambda   A             B             C            
   0 4.3480174247e+01   0.00e+00  1.18e+02    4.105147e+01  -2.286253e+02   9.432934e+03
   1 4.3480174247e+01  -2.12e-10  1.18e+01    4.105147e+01  -2.286253e+02   9.432934e+03

After 1 iterations the fit converged.
final sum of squares of residuals : 43.4802
rel. change during last iteration : -2.12443e-15

degrees of freedom    (FIT_NDF)                        : 9
rms of residuals      (FIT_STDFIT) = sqrt(WSSR/ndf)    : 2.19798
variance of residuals (reduced chisquare) = WSSR/ndf   : 4.83113
p-value of the Chisq distribution (FIT_P)              : 1.75935e-06

Final set of parameters            Asymptotic Standard Error
=======================            ==========================
A               = 41.0515          +/- 9.533        (23.22%)
B               = -228.625         +/- 58.5         (25.59%)
C               = 9432.93          +/- 73.21        (0.7762%)

correlation matrix of the fit parameters:
                A      B      C      
A               1.000 
B              -0.964  1.000 
C               0.667 -0.809  1.000 


*******************************************************************************
Wed May 10 14:56:24 2023


FIT:    data read from "12.88.txt" using 1:2:3 yerrors
        format = x:z:s
        x range restricted to [-0.100000 : 7.00000]
        #datapoints = 12
function used for fitting: f(x)
	f(x) = A*x**2 + B*x + C
fitted parameters initialized with current variable values

iter      chisq       delta/lim  lambda   A             B             C            
   0 4.7368226747e+05   0.00e+00  2.16e-01    1.000000e+00   1.000000e+00   1.000000e+00
   5 4.3480174247e+01  -5.33e-06  2.16e-06    4.105147e+01  -2.286253e+02   9.432934e+03

After 5 iterations the fit converged.
final sum of squares of residuals : 43.4802
rel. change during last iteration : -5.32558e-11

degrees of freedom    (FIT_NDF)                        : 9
rms of residuals      (FIT_STDFIT) = sqrt(WSSR/ndf)    : 2.19798
variance of residuals (reduced chisquare) = WSSR/ndf   : 4.83113
p-value of the Chisq distribution (FIT_P)              : 1.75935e-06

Final set of parameters            Asymptotic Standard Error
=======================            ==========================
A               = 41.0515          +/- 9.533        (23.22%)
B               = -228.625         +/- 58.5         (25.59%)
C               = 9432.93          +/- 73.21        (0.7762%)

correlation matrix of the fit parameters:
                A      B      C      
A               1.000 
B              -0.964  1.000 
C               0.667 -0.809  1.000 


*******************************************************************************
Wed May 10 14:56:24 2023


FIT:    data read from "12.88.txt" using 1:2:3 yerrors
        format = x:z:s
        x range restricted to [-0.100000 : 7.00000]
        #datapoints = 12
function used for fitting: f(x)
	f(x) = A*x**2 + B*x + C
fitted parameters initialized with current variable values

iter      chisq       delta/lim  lambda   A             B             C            
   0 4.3480174247e+01   0.00e+00  1.18e+02    4.105147e+01  -2.286253e+02   9.432934e+03
   1 4.3480174247e+01  -2.12e-10  1.18e+01    4.105147e+01  -2.286253e+02   9.432934e+03

After 1 iterations the fit converged.
final sum of squares of residuals : 43.4802
rel. change during last iteration : -2.12443e-15

degrees of freedom    (FIT_NDF)                        : 9
rms of residuals      (FIT_STDFIT) = sqrt(WSSR/ndf)    : 2.19798
variance of residuals (reduced chisquare) = WSSR/ndf   : 4.83113
p-value of the Chisq distribution (FIT_P)              : 1.75935e-06

Final set of parameters            Asymptotic Standard Error
=======================            ==========================
A               = 41.0515          +/- 9.533        (23.22%)
B               = -228.625         +/- 58.5         (25.59%)
C               = 9432.93          +/- 73.21        (0.7762%)

correlation matrix of the fit parameters:
                A      B      C      
A               1.000 
B              -0.964  1.000 
C               0.667 -0.809  1.000 


*******************************************************************************
Wed May 10 14:58:19 2023


FIT:    data read from "12.88.txt" using 1:2:3 yerrors
        format = x:z:s
        x range restricted to [-0.100000 : 7.00000]
        #datapoints = 12
function used for fitting: f(x)
	f(x) = A*x**2 + B*x + C
fitted parameters initialized with current variable values

iter      chisq       delta/lim  lambda   A             B             C            
   0 4.7368226747e+05   0.00e+00  2.16e-01    1.000000e+00   1.000000e+00   1.000000e+00
   5 4.3480174247e+01  -5.33e-06  2.16e-06    4.105147e+01  -2.286253e+02   9.432934e+03

After 5 iterations the fit converged.
final sum of squares of residuals : 43.4802
rel. change during last iteration : -5.32558e-11

degrees of freedom    (FIT_NDF)                        : 9
rms of residuals      (FIT_STDFIT) = sqrt(WSSR/ndf)    : 2.19798
variance of residuals (reduced chisquare) = WSSR/ndf   : 4.83113
p-value of the Chisq distribution (FIT_P)              : 1.75935e-06

Final set of parameters            Asymptotic Standard Error
=======================            ==========================
A               = 41.0515          +/- 9.533        (23.22%)
B               = -228.625         +/- 58.5         (25.59%)
C               = 9432.93          +/- 73.21        (0.7762%)

correlation matrix of the fit parameters:
                A      B      C      
A               1.000 
B              -0.964  1.000 
C               0.667 -0.809  1.000 


*******************************************************************************
Wed May 10 14:58:19 2023


FIT:    data read from "12.88.txt" using 1:2:3 yerrors
        format = x:z:s
        x range restricted to [-0.100000 : 7.00000]
        #datapoints = 12
function used for fitting: f(x)
	f(x) = A*x**2 + B*x + C
fitted parameters initialized with current variable values

iter      chisq       delta/lim  lambda   A             B             C            
   0 4.3480174247e+01   0.00e+00  1.18e+02    4.105147e+01  -2.286253e+02   9.432934e+03
   1 4.3480174247e+01  -2.12e-10  1.18e+01    4.105147e+01  -2.286253e+02   9.432934e+03

After 1 iterations the fit converged.
final sum of squares of residuals : 43.4802
rel. change during last iteration : -2.12443e-15

degrees of freedom    (FIT_NDF)                        : 9
rms of residuals      (FIT_STDFIT) = sqrt(WSSR/ndf)    : 2.19798
variance of residuals (reduced chisquare) = WSSR/ndf   : 4.83113
p-value of the Chisq distribution (FIT_P)              : 1.75935e-06

Final set of parameters            Asymptotic Standard Error
=======================            ==========================
A               = 41.0515          +/- 9.533        (23.22%)
B               = -228.625         +/- 58.5         (25.59%)
C               = 9432.93          +/- 73.21        (0.7762%)

correlation matrix of the fit parameters:
                A      B      C      
A               1.000 
B              -0.964  1.000 
C               0.667 -0.809  1.000 


*******************************************************************************
Wed May 10 15:03:39 2023


FIT:    data read from "12.88.txt" using 1:2:3 yerrors
        format = x:z:s
        x range restricted to [-0.100000 : 7.00000]
        #datapoints = 12
function used for fitting: f(x)
	f(x) = A*x**2 + B*x + C
fitted parameters initialized with current variable values

iter      chisq       delta/lim  lambda   A             B             C            
   0 4.7368226747e+05   0.00e+00  2.16e-01    1.000000e+00   1.000000e+00   1.000000e+00
   5 4.3480174247e+01  -5.33e-06  2.16e-06    4.105147e+01  -2.286253e+02   9.432934e+03

After 5 iterations the fit converged.
final sum of squares of residuals : 43.4802
rel. change during last iteration : -5.32558e-11

degrees of freedom    (FIT_NDF)                        : 9
rms of residuals      (FIT_STDFIT) = sqrt(WSSR/ndf)    : 2.19798
variance of residuals (reduced chisquare) = WSSR/ndf   : 4.83113
p-value of the Chisq distribution (FIT_P)              : 1.75935e-06

Final set of parameters            Asymptotic Standard Error
=======================            ==========================
A               = 41.0515          +/- 9.533        (23.22%)
B               = -228.625         +/- 58.5         (25.59%)
C               = 9432.93          +/- 73.21        (0.7762%)

correlation matrix of the fit parameters:
                A      B      C      
A               1.000 
B              -0.964  1.000 
C               0.667 -0.809  1.000 


*******************************************************************************
Wed May 10 15:03:39 2023


FIT:    data read from "12.88.txt" using 1:2:3 yerrors
        format = x:z:s
        x range restricted to [-0.100000 : 7.00000]
        #datapoints = 12
function used for fitting: f(x)
	f(x) = A*x**2 + B*x + C
fitted parameters initialized with current variable values

iter      chisq       delta/lim  lambda   A             B             C            
   0 4.3480174247e+01   0.00e+00  1.18e+02    4.105147e+01  -2.286253e+02   9.432934e+03
   1 4.3480174247e+01  -2.12e-10  1.18e+01    4.105147e+01  -2.286253e+02   9.432934e+03

After 1 iterations the fit converged.
final sum of squares of residuals : 43.4802
rel. change during last iteration : -2.12443e-15

degrees of freedom    (FIT_NDF)                        : 9
rms of residuals      (FIT_STDFIT) = sqrt(WSSR/ndf)    : 2.19798
variance of residuals (reduced chisquare) = WSSR/ndf   : 4.83113
p-value of the Chisq distribution (FIT_P)              : 1.75935e-06

Final set of parameters            Asymptotic Standard Error
=======================            ==========================
A               = 41.0515          +/- 9.533        (23.22%)
B               = -228.625         +/- 58.5         (25.59%)
C               = 9432.93          +/- 73.21        (0.7762%)

correlation matrix of the fit parameters:
                A      B      C      
A               1.000 
B              -0.964  1.000 
C               0.667 -0.809  1.000 


*******************************************************************************
Wed May 10 15:06:47 2023


FIT:    data read from "12.88.txt" using 1:2:3 yerrors
        format = x:z:s
        x range restricted to [-0.100000 : 7.00000]
        #datapoints = 12
function used for fitting: f(x)
	f(x) = A*x**2 + B*x + C
fitted parameters initialized with current variable values

iter      chisq       delta/lim  lambda   A             B             C            
   0 4.7368226747e+05   0.00e+00  2.16e-01    1.000000e+00   1.000000e+00   1.000000e+00
   5 4.3480174247e+01  -5.33e-06  2.16e-06    4.105147e+01  -2.286253e+02   9.432934e+03

After 5 iterations the fit converged.
final sum of squares of residuals : 43.4802
rel. change during last iteration : -5.32558e-11

degrees of freedom    (FIT_NDF)                        : 9
rms of residuals      (FIT_STDFIT) = sqrt(WSSR/ndf)    : 2.19798
variance of residuals (reduced chisquare) = WSSR/ndf   : 4.83113
p-value of the Chisq distribution (FIT_P)              : 1.75935e-06

Final set of parameters            Asymptotic Standard Error
=======================            ==========================
A               = 41.0515          +/- 9.533        (23.22%)
B               = -228.625         +/- 58.5         (25.59%)
C               = 9432.93          +/- 73.21        (0.7762%)

correlation matrix of the fit parameters:
                A      B      C      
A               1.000 
B              -0.964  1.000 
C               0.667 -0.809  1.000 


*******************************************************************************
Wed May 10 15:06:47 2023


FIT:    data read from "12.88.txt" using 1:2:3 yerrors
        format = x:z:s
        x range restricted to [-0.100000 : 7.00000]
        #datapoints = 12
function used for fitting: f(x)
	f(x) = A*x**2 + B*x + C
fitted parameters initialized with current variable values

iter      chisq       delta/lim  lambda   A             B             C            
   0 4.3480174247e+01   0.00e+00  1.18e+02    4.105147e+01  -2.286253e+02   9.432934e+03
   1 4.3480174247e+01  -2.12e-10  1.18e+01    4.105147e+01  -2.286253e+02   9.432934e+03

After 1 iterations the fit converged.
final sum of squares of residuals : 43.4802
rel. change during last iteration : -2.12443e-15

degrees of freedom    (FIT_NDF)                        : 9
rms of residuals      (FIT_STDFIT) = sqrt(WSSR/ndf)    : 2.19798
variance of residuals (reduced chisquare) = WSSR/ndf   : 4.83113
p-value of the Chisq distribution (FIT_P)              : 1.75935e-06

Final set of parameters            Asymptotic Standard Error
=======================            ==========================
A               = 41.0515          +/- 9.533        (23.22%)
B               = -228.625         +/- 58.5         (25.59%)
C               = 9432.93          +/- 73.21        (0.7762%)

correlation matrix of the fit parameters:
                A      B      C      
A               1.000 
B              -0.964  1.000 
C               0.667 -0.809  1.000 


*******************************************************************************
Wed May 10 15:18:59 2023


FIT:    data read from "12.88.txt" using 1:2:3 yerrors
        format = x:z:s
        x range restricted to [-0.100000 : 7.00000]
        #datapoints = 12
function used for fitting: f(x)
	f(x) = A*x**2 + B*x + C
fitted parameters initialized with current variable values

iter      chisq       delta/lim  lambda   A             B             C            
   0 9.2130146087e+05   0.00e+00  2.79e-01    1.000000e+00   1.000000e+00   1.000000e+00
   5 3.6964381301e+01  -7.02e-06  2.79e-06    5.350925e+01  -2.888612e+02   9.495072e+03

After 5 iterations the fit converged.
final sum of squares of residuals : 36.9644
rel. change during last iteration : -7.01512e-11

degrees of freedom    (FIT_NDF)                        : 9
rms of residuals      (FIT_STDFIT) = sqrt(WSSR/ndf)    : 2.02661
variance of residuals (reduced chisquare) = WSSR/ndf   : 4.10715
p-value of the Chisq distribution (FIT_P)              : 2.67063e-05

Final set of parameters            Asymptotic Standard Error
=======================            ==========================
A               = 53.5093          +/- 6.542        (12.23%)
B               = -288.861         +/- 39.63        (13.72%)
C               = 9495.07          +/- 49.29        (0.5191%)

correlation matrix of the fit parameters:
                A      B      C      
A               1.000 
B              -0.963  1.000 
C               0.684 -0.824  1.000 


*******************************************************************************
Wed May 10 15:18:59 2023


FIT:    data read from "12.88.txt" using 1:2:3 yerrors
        format = x:z:s
        x range restricted to [-0.100000 : 7.00000]
        #datapoints = 12
function used for fitting: f(x)
	f(x) = A*x**2 + B*x + C
fitted parameters initialized with current variable values

iter      chisq       delta/lim  lambda   A             B             C            
   0 3.6964381301e+01   0.00e+00  1.65e+02    5.350925e+01  -2.888612e+02   9.495072e+03
   1 3.6964381301e+01   0.00e+00  1.65e+03    5.350925e+01  -2.888612e+02   9.495072e+03

After 1 iterations the fit converged.
final sum of squares of residuals : 36.9644
rel. change during last iteration : 0

degrees of freedom    (FIT_NDF)                        : 9
rms of residuals      (FIT_STDFIT) = sqrt(WSSR/ndf)    : 2.02661
variance of residuals (reduced chisquare) = WSSR/ndf   : 4.10715
p-value of the Chisq distribution (FIT_P)              : 2.67063e-05

Final set of parameters            Asymptotic Standard Error
=======================            ==========================
A               = 53.5093          +/- 6.542        (12.23%)
B               = -288.861         +/- 39.63        (13.72%)
C               = 9495.07          +/- 49.29        (0.5191%)

correlation matrix of the fit parameters:
                A      B      C      
A               1.000 
B              -0.963  1.000 
C               0.684 -0.824  1.000 


*******************************************************************************
Wed May 10 15:20:11 2023


FIT:    data read from "12.88.txt" using 1:2:3 yerrors
        format = x:z:s
        x range restricted to [-0.100000 : 7.00000]
        #datapoints = 12
function used for fitting: f(x)
	f(x) = A*x**2 + B*x + C
fitted parameters initialized with current variable values

iter      chisq       delta/lim  lambda   A             B             C            
   0 9.2130146087e+05   0.00e+00  2.79e-01    1.000000e+00   1.000000e+00   1.000000e+00
   5 3.6964381301e+01  -7.02e-06  2.79e-06    5.350925e+01  -2.888612e+02   9.495072e+03

After 5 iterations the fit converged.
final sum of squares of residuals : 36.9644
rel. change during last iteration : -7.01512e-11

degrees of freedom    (FIT_NDF)                        : 9
rms of residuals      (FIT_STDFIT) = sqrt(WSSR/ndf)    : 2.02661
variance of residuals (reduced chisquare) = WSSR/ndf   : 4.10715
p-value of the Chisq distribution (FIT_P)              : 2.67063e-05

Final set of parameters            Asymptotic Standard Error
=======================            ==========================
A               = 53.5093          +/- 6.542        (12.23%)
B               = -288.861         +/- 39.63        (13.72%)
C               = 9495.07          +/- 49.29        (0.5191%)

correlation matrix of the fit parameters:
                A      B      C      
A               1.000 
B              -0.963  1.000 
C               0.684 -0.824  1.000 


*******************************************************************************
Wed May 10 15:20:11 2023


FIT:    data read from "12.88.txt" using 1:2:3 yerrors
        format = x:z:s
        x range restricted to [-0.100000 : 7.00000]
        #datapoints = 12
function used for fitting: f(x)
	f(x) = A*x**2 + B*x + C
fitted parameters initialized with current variable values

iter      chisq       delta/lim  lambda   A             B             C            
   0 3.6964381301e+01   0.00e+00  1.65e+02    5.350925e+01  -2.888612e+02   9.495072e+03
   1 3.6964381301e+01   0.00e+00  1.65e+03    5.350925e+01  -2.888612e+02   9.495072e+03

After 1 iterations the fit converged.
final sum of squares of residuals : 36.9644
rel. change during last iteration : 0

degrees of freedom    (FIT_NDF)                        : 9
rms of residuals      (FIT_STDFIT) = sqrt(WSSR/ndf)    : 2.02661
variance of residuals (reduced chisquare) = WSSR/ndf   : 4.10715
p-value of the Chisq distribution (FIT_P)              : 2.67063e-05

Final set of parameters            Asymptotic Standard Error
=======================            ==========================
A               = 53.5093          +/- 6.542        (12.23%)
B               = -288.861         +/- 39.63        (13.72%)
C               = 9495.07          +/- 49.29        (0.5191%)

correlation matrix of the fit parameters:
                A      B      C      
A               1.000 
B              -0.963  1.000 
C               0.684 -0.824  1.000 


*******************************************************************************
Wed May 10 15:22:13 2023


FIT:    data read from "12.88.txt" using 1:2:3 yerrors
        format = x:z:s
        x range restricted to [-0.100000 : 7.00000]
        #datapoints = 12
function used for fitting: f(x)
	f(x) = A*x**2 + B*x + C
fitted parameters initialized with current variable values

iter      chisq       delta/lim  lambda   A             B             C            
   0 9.2289884706e+05   0.00e+00  2.79e-01    1.000000e+00   1.000000e+00   1.000000e+00
   5 2.1097565089e+01  -1.24e-05  2.79e-06    5.356055e+01  -2.934136e+02   9.515454e+03

After 5 iterations the fit converged.
final sum of squares of residuals : 21.0976
rel. change during last iteration : -1.23525e-10

degrees of freedom    (FIT_NDF)                        : 9
rms of residuals      (FIT_STDFIT) = sqrt(WSSR/ndf)    : 1.53107
variance of residuals (reduced chisquare) = WSSR/ndf   : 2.34417
p-value of the Chisq distribution (FIT_P)              : 0.0122242

Final set of parameters            Asymptotic Standard Error
=======================            ==========================
A               = 53.5605          +/- 4.943        (9.228%)
B               = -293.414         +/- 29.94        (10.2%)
C               = 9515.45          +/- 37.24        (0.3913%)

correlation matrix of the fit parameters:
                A      B      C      
A               1.000 
B              -0.963  1.000 
C               0.684 -0.824  1.000 


*******************************************************************************
Wed May 10 15:22:13 2023


FIT:    data read from "12.88.txt" using 1:2:3 yerrors
        format = x:z:s
        x range restricted to [-0.100000 : 7.00000]
        #datapoints = 12
function used for fitting: f(x)
	f(x) = A*x**2 + B*x + C
fitted parameters initialized with current variable values

iter      chisq       delta/lim  lambda   A             B             C            
   0 2.1097565089e+01   0.00e+00  1.66e+02    5.356055e+01  -2.934136e+02   9.515454e+03
   1 2.1097565089e+01  -1.68e-11  1.66e+02    5.356055e+01  -2.934136e+02   9.515454e+03

After 1 iterations the fit converged.
final sum of squares of residuals : 21.0976
rel. change during last iteration : -1.68394e-16

degrees of freedom    (FIT_NDF)                        : 9
rms of residuals      (FIT_STDFIT) = sqrt(WSSR/ndf)    : 1.53107
variance of residuals (reduced chisquare) = WSSR/ndf   : 2.34417
p-value of the Chisq distribution (FIT_P)              : 0.0122242

Final set of parameters            Asymptotic Standard Error
=======================            ==========================
A               = 53.5605          +/- 4.943        (9.228%)
B               = -293.414         +/- 29.94        (10.2%)
C               = 9515.45          +/- 37.24        (0.3913%)

correlation matrix of the fit parameters:
                A      B      C      
A               1.000 
B              -0.963  1.000 
C               0.684 -0.824  1.000 


*******************************************************************************
Wed May 10 15:23:19 2023


FIT:    data read from "12.88.txt" using 1:2:3 yerrors
        format = x:z:s
        x range restricted to [-0.100000 : 7.00000]
        #datapoints = 12
function used for fitting: f(x)
	f(x) = A*x**2 + B*x + C
fitted parameters initialized with current variable values

iter      chisq       delta/lim  lambda   A             B             C            
   0 9.2289884706e+05   0.00e+00  2.79e-01    1.000000e+00   1.000000e+00   1.000000e+00
   5 2.1097565089e+01  -1.24e-05  2.79e-06    5.356055e+01  -2.934136e+02   9.515454e+03

After 5 iterations the fit converged.
final sum of squares of residuals : 21.0976
rel. change during last iteration : -1.23525e-10

degrees of freedom    (FIT_NDF)                        : 9
rms of residuals      (FIT_STDFIT) = sqrt(WSSR/ndf)    : 1.53107
variance of residuals (reduced chisquare) = WSSR/ndf   : 2.34417
p-value of the Chisq distribution (FIT_P)              : 0.0122242

Final set of parameters            Asymptotic Standard Error
=======================            ==========================
A               = 53.5605          +/- 4.943        (9.228%)
B               = -293.414         +/- 29.94        (10.2%)
C               = 9515.45          +/- 37.24        (0.3913%)

correlation matrix of the fit parameters:
                A      B      C      
A               1.000 
B              -0.963  1.000 
C               0.684 -0.824  1.000 


*******************************************************************************
Wed May 10 15:23:19 2023


FIT:    data read from "12.88.txt" using 1:2:3 yerrors
        format = x:z:s
        x range restricted to [-0.100000 : 6.10000]
        #datapoints = 12
function used for fitting: f(x)
	f(x) = A*x**2 + B*x + C
fitted parameters initialized with current variable values

iter      chisq       delta/lim  lambda   A             B             C            
   0 2.1097565089e+01   0.00e+00  1.66e+02    5.356055e+01  -2.934136e+02   9.515454e+03
   1 2.1097565089e+01  -1.68e-11  1.66e+02    5.356055e+01  -2.934136e+02   9.515454e+03

After 1 iterations the fit converged.
final sum of squares of residuals : 21.0976
rel. change during last iteration : -1.68394e-16

degrees of freedom    (FIT_NDF)                        : 9
rms of residuals      (FIT_STDFIT) = sqrt(WSSR/ndf)    : 1.53107
variance of residuals (reduced chisquare) = WSSR/ndf   : 2.34417
p-value of the Chisq distribution (FIT_P)              : 0.0122242

Final set of parameters            Asymptotic Standard Error
=======================            ==========================
A               = 53.5605          +/- 4.943        (9.228%)
B               = -293.414         +/- 29.94        (10.2%)
C               = 9515.45          +/- 37.24        (0.3913%)

correlation matrix of the fit parameters:
                A      B      C      
A               1.000 
B              -0.963  1.000 
C               0.684 -0.824  1.000 


*******************************************************************************
Wed May 10 16:09:32 2023


FIT:    data read from "12.88.txt" using 1:2:3 yerrors
        format = x:z:s
        x range restricted to [-0.100000 : 7.00000]
        #datapoints = 12
function used for fitting: f(x)
	f(x) = A*x**2 + B*x + C
fitted parameters initialized with current variable values

iter      chisq       delta/lim  lambda   A             B             C            
   0 9.2400483594e+05   0.00e+00  2.79e-01    1.000000e+00   1.000000e+00   1.000000e+00
   5 1.6954377282e+01  -1.53e-05  2.79e-06    5.181873e+01  -2.844045e+02   9.515391e+03

After 5 iterations the fit converged.
final sum of squares of residuals : 16.9544
rel. change during last iteration : -1.53465e-10

degrees of freedom    (FIT_NDF)                        : 9
rms of residuals      (FIT_STDFIT) = sqrt(WSSR/ndf)    : 1.37252
variance of residuals (reduced chisquare) = WSSR/ndf   : 1.88382
p-value of the Chisq distribution (FIT_P)              : 0.0494352

Final set of parameters            Asymptotic Standard Error
=======================            ==========================
A               = 51.8187          +/- 4.431        (8.551%)
B               = -284.405         +/- 26.84        (9.437%)
C               = 9515.39          +/- 33.38        (0.3508%)

correlation matrix of the fit parameters:
                A      B      C      
A               1.000 
B              -0.963  1.000 
C               0.684 -0.824  1.000 


*******************************************************************************
Wed May 10 16:09:33 2023


FIT:    data read from "12.88.txt" using 1:2:3 yerrors
        format = x:z:s
        x range restricted to [-0.100000 : 6.10000]
        #datapoints = 12
function used for fitting: f(x)
	f(x) = A*x**2 + B*x + C
fitted parameters initialized with current variable values

iter      chisq       delta/lim  lambda   A             B             C            
   0 1.6954377282e+01   0.00e+00  1.66e+02    5.181873e+01  -2.844045e+02   9.515391e+03
   1 1.6954377282e+01   0.00e+00  1.66e+03    5.181873e+01  -2.844045e+02   9.515391e+03

After 1 iterations the fit converged.
final sum of squares of residuals : 16.9544
rel. change during last iteration : 0

degrees of freedom    (FIT_NDF)                        : 9
rms of residuals      (FIT_STDFIT) = sqrt(WSSR/ndf)    : 1.37252
variance of residuals (reduced chisquare) = WSSR/ndf   : 1.88382
p-value of the Chisq distribution (FIT_P)              : 0.0494352

Final set of parameters            Asymptotic Standard Error
=======================            ==========================
A               = 51.8187          +/- 4.431        (8.551%)
B               = -284.405         +/- 26.84        (9.437%)
C               = 9515.39          +/- 33.38        (0.3508%)

correlation matrix of the fit parameters:
                A      B      C      
A               1.000 
B              -0.963  1.000 
C               0.684 -0.824  1.000 


*******************************************************************************
Wed May 10 16:10:59 2023


FIT:    data read from "12.88.txt" using 1:2:3 yerrors
        format = x:z:s
        x range restricted to [-0.100000 : 7.00000]
        #datapoints = 12
function used for fitting: f(x)
	f(x) = A*x**2 + B*x + C
fitted parameters initialized with current variable values

iter      chisq       delta/lim  lambda   A             B             C            
   0 9.2400483594e+05   0.00e+00  2.79e-01    1.000000e+00   1.000000e+00   1.000000e+00
   5 1.6954377282e+01  -1.53e-05  2.79e-06    5.181873e+01  -2.844045e+02   9.515391e+03

After 5 iterations the fit converged.
final sum of squares of residuals : 16.9544
rel. change during last iteration : -1.53465e-10

degrees of freedom    (FIT_NDF)                        : 9
rms of residuals      (FIT_STDFIT) = sqrt(WSSR/ndf)    : 1.37252
variance of residuals (reduced chisquare) = WSSR/ndf   : 1.88382
p-value of the Chisq distribution (FIT_P)              : 0.0494352

Final set of parameters            Asymptotic Standard Error
=======================            ==========================
A               = 51.8187          +/- 4.431        (8.551%)
B               = -284.405         +/- 26.84        (9.437%)
C               = 9515.39          +/- 33.38        (0.3508%)

correlation matrix of the fit parameters:
                A      B      C      
A               1.000 
B              -0.963  1.000 
C               0.684 -0.824  1.000 


*******************************************************************************
Wed May 10 16:10:59 2023


FIT:    data read from "12.88.txt" using 1:2:3 yerrors
        format = x:z:s
        x range restricted to [-0.100000 : 6.10000]
        #datapoints = 12
function used for fitting: f(x)
	f(x) = A*x**2 + B*x + C
fitted parameters initialized with current variable values

iter      chisq       delta/lim  lambda   A             B             C            
   0 1.6954377282e+01   0.00e+00  1.66e+02    5.181873e+01  -2.844045e+02   9.515391e+03
   1 1.6954377282e+01   0.00e+00  1.66e+03    5.181873e+01  -2.844045e+02   9.515391e+03

After 1 iterations the fit converged.
final sum of squares of residuals : 16.9544
rel. change during last iteration : 0

degrees of freedom    (FIT_NDF)                        : 9
rms of residuals      (FIT_STDFIT) = sqrt(WSSR/ndf)    : 1.37252
variance of residuals (reduced chisquare) = WSSR/ndf   : 1.88382
p-value of the Chisq distribution (FIT_P)              : 0.0494352

Final set of parameters            Asymptotic Standard Error
=======================            ==========================
A               = 51.8187          +/- 4.431        (8.551%)
B               = -284.405         +/- 26.84        (9.437%)
C               = 9515.39          +/- 33.38        (0.3508%)

correlation matrix of the fit parameters:
                A      B      C      
A               1.000 
B              -0.963  1.000 
C               0.684 -0.824  1.000 


*******************************************************************************
Wed May 10 16:12:31 2023


FIT:    data read from "12.88.txt" using 1:2:3 yerrors
        format = x:z:s
        x range restricted to [-0.100000 : 7.00000]
        #datapoints = 12
function used for fitting: f(x)
	f(x) = A*x**2 + B*x + C
fitted parameters initialized with current variable values

iter      chisq       delta/lim  lambda   A             B             C            
   0 9.2400483594e+05   0.00e+00  2.79e-01    1.000000e+00   1.000000e+00   1.000000e+00
   5 1.6954377282e+01  -1.53e-05  2.79e-06    5.181873e+01  -2.844045e+02   9.515391e+03

After 5 iterations the fit converged.
final sum of squares of residuals : 16.9544
rel. change during last iteration : -1.53465e-10

degrees of freedom    (FIT_NDF)                        : 9
rms of residuals      (FIT_STDFIT) = sqrt(WSSR/ndf)    : 1.37252
variance of residuals (reduced chisquare) = WSSR/ndf   : 1.88382
p-value of the Chisq distribution (FIT_P)              : 0.0494352

Final set of parameters            Asymptotic Standard Error
=======================            ==========================
A               = 51.8187          +/- 4.431        (8.551%)
B               = -284.405         +/- 26.84        (9.437%)
C               = 9515.39          +/- 33.38        (0.3508%)

correlation matrix of the fit parameters:
                A      B      C      
A               1.000 
B              -0.963  1.000 
C               0.684 -0.824  1.000 


*******************************************************************************
Wed May 10 16:12:31 2023


FIT:    data read from "12.88.txt" using 1:2:3 yerrors
        format = x:z:s
        x range restricted to [-0.100000 : 6.10000]
        #datapoints = 12
function used for fitting: f(x)
	f(x) = A*x**2 + B*x + C
fitted parameters initialized with current variable values

iter      chisq       delta/lim  lambda   A             B             C            
   0 1.6954377282e+01   0.00e+00  1.66e+02    5.181873e+01  -2.844045e+02   9.515391e+03
   1 1.6954377282e+01   0.00e+00  1.66e+03    5.181873e+01  -2.844045e+02   9.515391e+03

After 1 iterations the fit converged.
final sum of squares of residuals : 16.9544
rel. change during last iteration : 0

degrees of freedom    (FIT_NDF)                        : 9
rms of residuals      (FIT_STDFIT) = sqrt(WSSR/ndf)    : 1.37252
variance of residuals (reduced chisquare) = WSSR/ndf   : 1.88382
p-value of the Chisq distribution (FIT_P)              : 0.0494352

Final set of parameters            Asymptotic Standard Error
=======================            ==========================
A               = 51.8187          +/- 4.431        (8.551%)
B               = -284.405         +/- 26.84        (9.437%)
C               = 9515.39          +/- 33.38        (0.3508%)

correlation matrix of the fit parameters:
                A      B      C      
A               1.000 
B              -0.963  1.000 
C               0.684 -0.824  1.000 


*******************************************************************************
Wed May 10 16:21:08 2023


FIT:    data read from "12.88.txt" using 1:2:3 yerrors
        format = x:z:s
        x range restricted to [-0.100000 : 7.00000]
        #datapoints = 12
function used for fitting: f(x)
	f(x) = A*x**2 + B*x + C
fitted parameters initialized with current variable values

iter      chisq       delta/lim  lambda   A             B             C            
   0 9.2400483594e+05   0.00e+00  2.79e-01    1.000000e+00   1.000000e+00   1.000000e+00
   5 1.6954377282e+01  -1.53e-05  2.79e-06    5.181873e+01  -2.844045e+02   9.515391e+03

After 5 iterations the fit converged.
final sum of squares of residuals : 16.9544
rel. change during last iteration : -1.53465e-10

degrees of freedom    (FIT_NDF)                        : 9
rms of residuals      (FIT_STDFIT) = sqrt(WSSR/ndf)    : 1.37252
variance of residuals (reduced chisquare) = WSSR/ndf   : 1.88382
p-value of the Chisq distribution (FIT_P)              : 0.0494352

Final set of parameters            Asymptotic Standard Error
=======================            ==========================
A               = 51.8187          +/- 4.431        (8.551%)
B               = -284.405         +/- 26.84        (9.437%)
C               = 9515.39          +/- 33.38        (0.3508%)

correlation matrix of the fit parameters:
                A      B      C      
A               1.000 
B              -0.963  1.000 
C               0.684 -0.824  1.000 


*******************************************************************************
Wed May 10 16:21:08 2023


FIT:    data read from "12.88.txt" using 1:2:3 yerrors
        format = x:z:s
        x range restricted to [-0.100000 : 6.10000]
        #datapoints = 12
function used for fitting: f(x)
	f(x) = A*x**2 + B*x + C
fitted parameters initialized with current variable values

iter      chisq       delta/lim  lambda   A             B             C            
   0 1.6954377282e+01   0.00e+00  1.66e+02    5.181873e+01  -2.844045e+02   9.515391e+03
   1 1.6954377282e+01   0.00e+00  1.66e+03    5.181873e+01  -2.844045e+02   9.515391e+03

After 1 iterations the fit converged.
final sum of squares of residuals : 16.9544
rel. change during last iteration : 0

degrees of freedom    (FIT_NDF)                        : 9
rms of residuals      (FIT_STDFIT) = sqrt(WSSR/ndf)    : 1.37252
variance of residuals (reduced chisquare) = WSSR/ndf   : 1.88382
p-value of the Chisq distribution (FIT_P)              : 0.0494352

Final set of parameters            Asymptotic Standard Error
=======================            ==========================
A               = 51.8187          +/- 4.431        (8.551%)
B               = -284.405         +/- 26.84        (9.437%)
C               = 9515.39          +/- 33.38        (0.3508%)

correlation matrix of the fit parameters:
                A      B      C      
A               1.000 
B              -0.963  1.000 
C               0.684 -0.824  1.000 


*******************************************************************************
Wed May 10 16:22:30 2023


FIT:    data read from "12.88.txt" using 1:2:3 yerrors
        format = x:z:s
        x range restricted to [-0.100000 : 7.00000]
        #datapoints = 12
function used for fitting: f(x)
	f(x) = A*x**2 + B*x + C
fitted parameters initialized with current variable values

iter      chisq       delta/lim  lambda   A             B             C            
   0 9.2400483594e+05   0.00e+00  2.79e-01    1.000000e+00   1.000000e+00   1.000000e+00
   5 1.6954377282e+01  -1.53e-05  2.79e-06    5.181873e+01  -2.844045e+02   9.515391e+03

After 5 iterations the fit converged.
final sum of squares of residuals : 16.9544
rel. change during last iteration : -1.53465e-10

degrees of freedom    (FIT_NDF)                        : 9
rms of residuals      (FIT_STDFIT) = sqrt(WSSR/ndf)    : 1.37252
variance of residuals (reduced chisquare) = WSSR/ndf   : 1.88382
p-value of the Chisq distribution (FIT_P)              : 0.0494352

Final set of parameters            Asymptotic Standard Error
=======================            ==========================
A               = 51.8187          +/- 4.431        (8.551%)
B               = -284.405         +/- 26.84        (9.437%)
C               = 9515.39          +/- 33.38        (0.3508%)

correlation matrix of the fit parameters:
                A      B      C      
A               1.000 
B              -0.963  1.000 
C               0.684 -0.824  1.000 


*******************************************************************************
Wed May 10 16:22:30 2023


FIT:    data read from "12.88.txt" using 1:2:3 yerrors
        format = x:z:s
        x range restricted to [-0.100000 : 6.10000]
        #datapoints = 12
function used for fitting: f(x)
	f(x) = A*x**2 + B*x + C
fitted parameters initialized with current variable values

iter      chisq       delta/lim  lambda   A             B             C            
   0 1.6954377282e+01   0.00e+00  1.66e+02    5.181873e+01  -2.844045e+02   9.515391e+03
   1 1.6954377282e+01   0.00e+00  1.66e+03    5.181873e+01  -2.844045e+02   9.515391e+03

After 1 iterations the fit converged.
final sum of squares of residuals : 16.9544
rel. change during last iteration : 0

degrees of freedom    (FIT_NDF)                        : 9
rms of residuals      (FIT_STDFIT) = sqrt(WSSR/ndf)    : 1.37252
variance of residuals (reduced chisquare) = WSSR/ndf   : 1.88382
p-value of the Chisq distribution (FIT_P)              : 0.0494352

Final set of parameters            Asymptotic Standard Error
=======================            ==========================
A               = 51.8187          +/- 4.431        (8.551%)
B               = -284.405         +/- 26.84        (9.437%)
C               = 9515.39          +/- 33.38        (0.3508%)

correlation matrix of the fit parameters:
                A      B      C      
A               1.000 
B              -0.963  1.000 
C               0.684 -0.824  1.000 


*******************************************************************************
Wed May 10 16:33:27 2023


FIT:    data read from "12.88.txt" using 1:2:3 yerrors
        format = x:z:s
        x range restricted to [-0.100000 : 6.50000]
        #datapoints = 12
function used for fitting: f(x)
	f(x) = A*x**2 + B*x + C
fitted parameters initialized with current variable values

iter      chisq       delta/lim  lambda   A             B             C            
   0 9.2400483594e+05   0.00e+00  2.79e-01    1.000000e+00   1.000000e+00   1.000000e+00
   5 1.6954377282e+01  -1.53e-05  2.79e-06    5.181873e+01  -2.844045e+02   9.515391e+03

After 5 iterations the fit converged.
final sum of squares of residuals : 16.9544
rel. change during last iteration : -1.53465e-10

degrees of freedom    (FIT_NDF)                        : 9
rms of residuals      (FIT_STDFIT) = sqrt(WSSR/ndf)    : 1.37252
variance of residuals (reduced chisquare) = WSSR/ndf   : 1.88382
p-value of the Chisq distribution (FIT_P)              : 0.0494352

Final set of parameters            Asymptotic Standard Error
=======================            ==========================
A               = 51.8187          +/- 4.431        (8.551%)
B               = -284.405         +/- 26.84        (9.437%)
C               = 9515.39          +/- 33.38        (0.3508%)

correlation matrix of the fit parameters:
                A      B      C      
A               1.000 
B              -0.963  1.000 
C               0.684 -0.824  1.000 


*******************************************************************************
Wed May 10 16:33:27 2023


FIT:    data read from "12.88.txt" using 1:2:3 yerrors
        format = x:z:s
        x range restricted to [-0.100000 : 6.10000]
        #datapoints = 12
function used for fitting: f(x)
	f(x) = A*x**2 + B*x + C
fitted parameters initialized with current variable values

iter      chisq       delta/lim  lambda   A             B             C            
   0 1.6954377282e+01   0.00e+00  1.66e+02    5.181873e+01  -2.844045e+02   9.515391e+03
   1 1.6954377282e+01   0.00e+00  1.66e+03    5.181873e+01  -2.844045e+02   9.515391e+03

After 1 iterations the fit converged.
final sum of squares of residuals : 16.9544
rel. change during last iteration : 0

degrees of freedom    (FIT_NDF)                        : 9
rms of residuals      (FIT_STDFIT) = sqrt(WSSR/ndf)    : 1.37252
variance of residuals (reduced chisquare) = WSSR/ndf   : 1.88382
p-value of the Chisq distribution (FIT_P)              : 0.0494352

Final set of parameters            Asymptotic Standard Error
=======================            ==========================
A               = 51.8187          +/- 4.431        (8.551%)
B               = -284.405         +/- 26.84        (9.437%)
C               = 9515.39          +/- 33.38        (0.3508%)

correlation matrix of the fit parameters:
                A      B      C      
A               1.000 
B              -0.963  1.000 
C               0.684 -0.824  1.000 


*******************************************************************************
Wed May 10 16:34:03 2023


FIT:    data read from "12.88.txt" using 1:2:3 yerrors
        format = x:z:s
        x range restricted to [-0.100000 : 6.20000]
        #datapoints = 12
function used for fitting: f(x)
	f(x) = A*x**2 + B*x + C
fitted parameters initialized with current variable values

iter      chisq       delta/lim  lambda   A             B             C            
   0 9.2400483594e+05   0.00e+00  2.79e-01    1.000000e+00   1.000000e+00   1.000000e+00
   5 1.6954377282e+01  -1.53e-05  2.79e-06    5.181873e+01  -2.844045e+02   9.515391e+03

After 5 iterations the fit converged.
final sum of squares of residuals : 16.9544
rel. change during last iteration : -1.53465e-10

degrees of freedom    (FIT_NDF)                        : 9
rms of residuals      (FIT_STDFIT) = sqrt(WSSR/ndf)    : 1.37252
variance of residuals (reduced chisquare) = WSSR/ndf   : 1.88382
p-value of the Chisq distribution (FIT_P)              : 0.0494352

Final set of parameters            Asymptotic Standard Error
=======================            ==========================
A               = 51.8187          +/- 4.431        (8.551%)
B               = -284.405         +/- 26.84        (9.437%)
C               = 9515.39          +/- 33.38        (0.3508%)

correlation matrix of the fit parameters:
                A      B      C      
A               1.000 
B              -0.963  1.000 
C               0.684 -0.824  1.000 


*******************************************************************************
Wed May 10 16:34:03 2023


FIT:    data read from "12.88.txt" using 1:2:3 yerrors
        format = x:z:s
        x range restricted to [-0.100000 : 6.10000]
        #datapoints = 12
function used for fitting: f(x)
	f(x) = A*x**2 + B*x + C
fitted parameters initialized with current variable values

iter      chisq       delta/lim  lambda   A             B             C            
   0 1.6954377282e+01   0.00e+00  1.66e+02    5.181873e+01  -2.844045e+02   9.515391e+03
   1 1.6954377282e+01   0.00e+00  1.66e+03    5.181873e+01  -2.844045e+02   9.515391e+03

After 1 iterations the fit converged.
final sum of squares of residuals : 16.9544
rel. change during last iteration : 0

degrees of freedom    (FIT_NDF)                        : 9
rms of residuals      (FIT_STDFIT) = sqrt(WSSR/ndf)    : 1.37252
variance of residuals (reduced chisquare) = WSSR/ndf   : 1.88382
p-value of the Chisq distribution (FIT_P)              : 0.0494352

Final set of parameters            Asymptotic Standard Error
=======================            ==========================
A               = 51.8187          +/- 4.431        (8.551%)
B               = -284.405         +/- 26.84        (9.437%)
C               = 9515.39          +/- 33.38        (0.3508%)

correlation matrix of the fit parameters:
                A      B      C      
A               1.000 
B              -0.963  1.000 
C               0.684 -0.824  1.000 
